TN:
SF:src\Context\NoProviderError.ts
FN:2,NoProviderError
FNF:1
FNH:1
FNDA:2,NoProviderError
DA:1,1
DA:2,1
DA:3,2
DA:4,2
DA:5,2
DA:6,1
LF:6
LH:6
BRDA:2,0,0,2
BRF:1
BRH:1
end_of_record
TN:
SF:src\Context\TanstackQueryProv.tsx
FN:6,TanstackQueryProvider
FNF:1
FNH:1
FNDA:9,TanstackQueryProvider
DA:1,1
DA:2,1
DA:3,1
DA:4,1
DA:5,1
DA:6,1
DA:7,9
DA:8,9
DA:9,9
DA:10,9
DA:11,9
DA:12,9
DA:13,9
DA:14,9
DA:15,9
DA:16,9
DA:17,9
DA:18,9
DA:19,9
DA:20,9
DA:21,9
DA:22,9
DA:23,9
LF:23
LH:23
BRDA:6,0,0,9
BRDA:7,1,0,9
BRF:2
BRH:2
end_of_record
TN:
SF:src\Context\contextAPI.ts
FNF:0
FNH:0
DA:1,1
DA:2,1
DA:3,1
DA:4,1
DA:5,1
DA:6,1
DA:7,1
DA:8,1
DA:9,1
DA:10,1
LF:10
LH:10
BRF:0
BRH:0
end_of_record
TN:
SF:src\Context\useFavoritesContext.ts
FN:5,useFavoritesContext
FNF:1
FNH:1
FNDA:3,useFavoritesContext
DA:1,1
DA:2,1
DA:3,1
DA:4,1
DA:5,1
DA:6,3
DA:7,3
DA:8,3
DA:9,3
DA:10,3
DA:11,3
DA:12,2
DA:13,2
DA:14,1
DA:15,1
DA:16,1
DA:17,3
DA:18,2
DA:19,2
DA:20,2
DA:21,2
DA:22,2
DA:23,3
DA:24,3
DA:25,3
LF:25
LH:25
BRDA:5,0,0,3
BRDA:11,1,0,2
BRDA:13,2,0,1
BRDA:17,3,0,2
BRF:4
BRH:4
end_of_record
TN:
SF:src\Utils\getUserLocation.ts
FN:1,getUserLocation
FNF:1
FNH:0
FNDA:0,getUserLocation
DA:1,1
DA:2,0
DA:3,0
DA:4,0
DA:5,0
DA:6,0
DA:7,0
DA:8,0
DA:9,0
DA:10,0
DA:11,0
DA:12,0
DA:13,0
DA:14,0
DA:15,0
DA:16,0
DA:17,0
DA:18,0
LF:18
LH:1
BRF:0
BRH:0
end_of_record
TN:
SF:src\Utils\googleSearch.ts
FN:1,googleSearch
FNF:1
FNH:0
FNDA:0,googleSearch
DA:1,1
DA:2,0
DA:3,0
DA:4,0
DA:5,0
DA:6,0
DA:7,0
LF:7
LH:1
BRF:0
BRH:0
end_of_record
TN:
SF:src\Utils\newAlert.ts
FN:7,newAlert
FNF:1
FNH:1
FNDA:3,newAlert
DA:1,1
DA:2,1
DA:3,1
DA:4,1
DA:5,1
DA:6,1
DA:7,1
DA:8,3
DA:9,3
DA:10,3
DA:11,3
DA:12,3
DA:13,3
DA:14,3
DA:15,3
DA:16,3
DA:17,3
LF:17
LH:17
BRDA:7,0,0,3
BRDA:11,1,0,3
BRF:2
BRH:2
end_of_record
TN:
SF:src\Utils\copyText\copyTxt.ts
FN:4,copyTxt
FNF:1
FNH:1
FNDA:2,copyTxt
DA:1,1
DA:2,1
DA:3,1
DA:4,1
DA:5,2
DA:6,2
DA:7,2
DA:8,2
DA:9,1
DA:10,1
DA:11,1
DA:12,1
DA:13,1
DA:14,1
DA:15,1
DA:16,1
DA:17,1
DA:18,1
LF:18
LH:18
BRDA:4,0,0,2
BRDA:8,1,0,1
BRDA:13,2,0,1
BRF:3
BRH:3
end_of_record
TN:
SF:src\Utils\ellipsisText\ellipsisText.ts
FN:8,ellipsisText
FNF:1
FNH:1
FNDA:3,ellipsisText
DA:1,1
DA:2,1
DA:3,1
DA:4,1
DA:5,1
DA:6,1
DA:7,1
DA:8,1
DA:9,3
DA:10,3
DA:11,3
DA:12,3
DA:13,3
LF:13
LH:13
BRDA:8,0,0,3
BRDA:10,1,0,0
BRF:2
BRH:1
end_of_record
TN:
SF:src\Utils\fetchFn\fetchFn.ts
FN:1,fetchFn
FNF:1
FNH:1
FNDA:2,fetchFn
DA:1,1
DA:2,2
DA:3,2
DA:4,2
DA:5,1
DA:6,1
DA:7,1
DA:8,1
DA:9,1
DA:10,1
DA:11,1
DA:12,1
LF:12
LH:12
BRDA:1,0,0,2
BRDA:4,1,0,1
BRF:2
BRH:2
end_of_record
TN:
SF:src\Utils\formSubmit\formSubmit.ts
FN:8,formSubmit
FNF:1
FNH:1
FNDA:2,formSubmit
DA:1,1
DA:2,1
DA:3,1
DA:4,1
DA:5,1
DA:6,1
DA:7,1
DA:8,1
DA:9,2
DA:10,2
DA:11,2
DA:12,2
DA:13,2
DA:14,2
DA:15,2
DA:16,2
LF:16
LH:16
BRDA:8,0,0,2
BRF:1
BRH:1
end_of_record
TN:
SF:src\Utils\getAllBooks\getAllBooks.ts
FN:5,getAllBooks
FNF:1
FNH:1
FNDA:1,getAllBooks
DA:1,1
DA:2,1
DA:3,1
DA:4,1
DA:5,1
DA:6,1
DA:7,1
DA:8,1
DA:9,1
DA:10,1
DA:11,1
DA:12,1
DA:13,1
DA:14,1
DA:15,1
DA:16,1
DA:17,1
DA:18,1
DA:19,1
DA:20,1
DA:21,1
DA:22,1
DA:23,1
DA:24,1
DA:25,1
DA:26,1
DA:27,1
DA:28,1
DA:29,1
DA:30,1
DA:31,1
DA:32,1
DA:33,1
DA:34,1
DA:35,1
DA:36,1
DA:37,1
LF:37
LH:37
BRDA:5,0,0,1
BRDA:16,1,0,1
BRF:2
BRH:2
end_of_record
TN:
SF:src\Utils\getPreviousContent\getPreviousContent.ts
FN:2,getPreviousContent
FNF:1
FNH:1
FNDA:8,getPreviousContent
DA:1,1
DA:2,1
DA:3,8
DA:4,8
DA:5,8
DA:6,8
DA:7,8
DA:8,8
DA:9,8
DA:10,8
DA:11,8
DA:12,8
DA:13,8
DA:14,8
DA:15,8
DA:16,8
DA:17,8
DA:18,8
DA:19,8
DA:20,8
DA:21,8
DA:22,8
LF:22
LH:22
BRDA:2,0,0,8
BRDA:8,1,0,8
BRDA:13,2,0,4
BRDA:13,3,0,4
BRDA:13,4,0,0
BRF:5
BRH:4
end_of_record
TN:
SF:src\Utils\getSearchBooks\getSearchBook.ts
FN:10,getSearchBook
FNF:1
FNH:1
FNDA:7,getSearchBook
DA:1,1
DA:2,1
DA:3,1
DA:4,1
DA:5,1
DA:6,1
DA:7,1
DA:8,1
DA:9,1
DA:10,1
DA:11,7
DA:12,7
DA:13,7
DA:14,7
DA:15,7
DA:16,7
DA:17,7
DA:18,13
DA:19,12
DA:20,12
DA:21,12
DA:22,7
DA:23,7
DA:24,7
DA:25,7
DA:26,12
DA:27,12
DA:28,12
DA:29,12
DA:30,12
DA:31,12
DA:32,7
DA:33,7
DA:34,7
DA:35,7
DA:36,7
DA:37,7
LF:37
LH:37
BRDA:10,0,0,7
BRDA:17,1,0,13
BRDA:18,2,0,1
BRDA:18,3,0,12
BRDA:25,4,0,12
BRF:5
BRH:5
end_of_record
TN:
SF:src\Utils\intObserver\intObserver.ts
FN:11,intObserver
FNF:1
FNH:1
FNDA:4,intObserver
DA:1,1
DA:2,1
DA:3,1
DA:4,1
DA:5,1
DA:6,1
DA:7,1
DA:8,1
DA:9,1
DA:10,1
DA:11,1
DA:12,4
DA:13,3
DA:14,3
DA:15,3
DA:16,1
DA:17,1
DA:18,1
DA:19,1
DA:20,1
DA:21,1
DA:22,0
DA:23,0
DA:24,0
DA:25,0
DA:26,0
DA:27,1
DA:28,3
DA:29,4
DA:30,4
DA:31,4
DA:32,4
DA:33,4
DA:34,4
DA:35,4
DA:36,4
DA:37,4
DA:38,4
DA:39,4
LF:39
LH:34
BRDA:11,0,0,4
BRDA:12,1,0,3
BRDA:13,2,0,3
BRDA:15,3,0,1
BRDA:17,4,0,1
BRDA:31,5,0,4
BRF:6
BRH:6
end_of_record
TN:
SF:src\app\Favorites\page.tsx
FN:9,FavoritePage
FN:35,onClick
FNF:2
FNH:2
FNDA:3,FavoritePage
FNDA:1,onClick
DA:1,1
DA:2,1
DA:3,1
DA:4,1
DA:5,1
DA:6,1
DA:7,1
DA:8,1
DA:9,1
DA:10,3
DA:11,3
DA:12,3
DA:13,3
DA:14,3
DA:15,3
DA:16,3
DA:17,3
DA:18,3
DA:19,3
DA:20,3
DA:21,3
DA:22,3
DA:23,3
DA:24,3
DA:25,3
DA:26,3
DA:27,3
DA:28,3
DA:29,3
DA:30,3
DA:31,3
DA:32,3
DA:33,3
DA:34,3
DA:35,3
DA:36,3
DA:37,3
DA:38,3
DA:39,3
DA:40,3
DA:41,3
DA:42,3
DA:43,3
LF:43
LH:43
BRDA:9,0,0,3
BRDA:12,1,0,0
BRDA:23,2,0,3
BRDA:24,3,0,4
BRDA:35,4,0,1
BRF:5
BRH:4
end_of_record
TN:
SF:src\app\Order\[book]\emailInputChange.ts
FN:3,emailInputChange
FNF:1
FNH:1
FNDA:25,emailInputChange
DA:1,1
DA:2,1
DA:3,1
DA:4,25
DA:5,23
DA:6,25
DA:7,2
DA:8,2
DA:9,2
DA:10,25
LF:10
LH:10
BRDA:3,0,0,25
BRDA:4,1,0,23
BRDA:6,2,0,2
BRF:3
BRH:3
end_of_record
TN:
SF:src\app\Order\[book]\nameInputChange.ts
FN:3,nameInputChange
FNF:1
FNH:1
FNDA:9,nameInputChange
DA:1,1
DA:2,1
DA:3,1
DA:4,9
DA:5,5
DA:6,9
DA:7,4
DA:8,4
DA:9,4
DA:10,9
DA:11,9
LF:11
LH:11
BRDA:3,0,0,9
BRDA:4,1,0,5
BRDA:6,2,0,4
BRF:3
BRH:3
end_of_record
TN:
SF:src\app\Order\[book]\page.tsx
FN:16,PreOrderPage
FN:30,onSubmit
FN:62,onChange
FNF:3
FNH:3
FNDA:3,PreOrderPage
FNDA:1,onSubmit
FNDA:8,onChange
DA:1,1
DA:2,1
DA:3,1
DA:4,1
DA:5,1
DA:6,1
DA:7,1
DA:8,1
DA:9,1
DA:10,1
DA:11,1
DA:12,1
DA:13,1
DA:14,1
DA:15,1
DA:16,1
DA:17,3
DA:18,3
DA:19,3
DA:20,3
DA:21,3
DA:22,3
DA:23,3
DA:24,3
DA:25,3
DA:26,3
DA:27,3
DA:28,3
DA:29,3
DA:30,3
DA:31,3
DA:32,3
DA:33,3
DA:34,3
DA:35,3
DA:36,3
DA:37,3
DA:38,3
DA:39,3
DA:40,3
DA:41,3
DA:42,3
DA:43,3
DA:44,3
DA:45,3
DA:46,3
DA:47,3
DA:48,3
DA:49,3
DA:50,3
DA:51,3
DA:52,3
DA:53,3
DA:54,3
DA:55,3
DA:56,3
DA:57,3
DA:58,3
DA:59,3
DA:60,3
DA:61,3
DA:62,3
DA:63,3
DA:64,3
DA:65,3
DA:66,3
DA:67,3
DA:68,3
DA:69,3
DA:70,3
DA:71,3
DA:72,3
DA:73,3
DA:74,3
DA:75,3
DA:76,3
DA:77,3
DA:78,3
DA:79,3
DA:80,3
DA:81,3
DA:82,3
DA:83,3
DA:84,3
DA:85,3
DA:86,3
DA:87,3
DA:88,3
DA:89,3
DA:90,3
DA:91,3
DA:92,3
DA:93,3
DA:94,3
DA:95,3
DA:96,3
DA:97,3
DA:98,3
DA:99,3
DA:100,3
DA:101,3
DA:102,3
DA:103,3
DA:104,3
DA:105,3
DA:106,3
DA:107,3
DA:108,3
DA:109,3
DA:110,3
DA:111,3
DA:112,3
DA:113,3
DA:114,3
DA:115,3
DA:116,3
DA:117,3
DA:118,3
DA:119,3
DA:120,3
LF:120
LH:120
BRDA:16,0,0,3
BRDA:105,1,0,0
BRDA:30,2,0,1
BRDA:62,3,0,8
BRF:4
BRH:3
end_of_record
TN:
SF:src\app\Order\[book]\phoneInputChange.ts
FN:8,phoneInputChange
FNF:1
FNH:1
FNDA:8,phoneInputChange
DA:1,1
DA:2,1
DA:3,1
DA:4,1
DA:5,1
DA:6,1
DA:7,1
DA:8,1
DA:9,8
DA:10,8
DA:11,8
DA:12,8
DA:13,8
DA:14,8
DA:15,8
DA:16,8
DA:17,8
DA:18,8
DA:19,4
DA:20,8
DA:21,8
DA:22,0
DA:23,8
DA:24,7
DA:25,7
DA:26,8
DA:27,8
DA:28,8
DA:29,8
DA:30,8
DA:31,8
DA:32,8
DA:33,8
DA:34,8
LF:34
LH:33
BRDA:8,0,0,8
BRDA:17,1,0,4
BRDA:18,2,0,4
BRDA:21,3,0,0
BRDA:21,4,0,0
BRDA:23,5,0,7
BRF:6
BRH:4
end_of_record
TN:
SF:src\app\Read\[title]\ReadBook.tsx
FN:8,ReadBook
FNF:1
FNH:1
FNDA:15,ReadBook
DA:1,1
DA:2,1
DA:3,1
DA:4,1
DA:5,1
DA:6,1
DA:7,1
DA:8,1
DA:9,15
DA:10,15
DA:11,15
DA:12,15
DA:13,15
DA:14,15
DA:15,15
DA:16,15
DA:17,15
DA:18,15
DA:19,15
DA:20,15
DA:21,15
DA:22,15
DA:23,15
DA:24,15
DA:25,15
DA:26,15
DA:27,15
DA:28,15
DA:29,15
DA:30,15
DA:31,18
DA:32,18
DA:33,18
DA:34,18
DA:35,18
DA:36,18
DA:37,18
DA:38,15
DA:39,15
DA:40,15
DA:41,15
DA:42,15
DA:43,15
DA:44,15
LF:44
LH:44
BRDA:8,0,0,15
BRDA:30,1,0,18
BRF:2
BRH:2
end_of_record
TN:
SF:src\components\Alert\Alert.tsx
FN:9,Alert
FNF:1
FNH:1
FNDA:22,Alert
DA:1,1
DA:2,1
DA:3,1
DA:4,1
DA:5,1
DA:6,1
DA:7,1
DA:8,1
DA:9,1
DA:10,22
DA:11,22
DA:12,22
DA:13,22
DA:14,22
DA:15,22
DA:16,22
DA:17,22
DA:18,22
LF:18
LH:18
BRDA:9,0,0,22
BRDA:14,1,0,1
BRDA:14,2,0,5
BRF:3
BRH:3
end_of_record
TN:
SF:src\components\ContextMenu\ColorsMenu.tsx
FN:9,ColorsMenu
FNF:1
FNH:1
FNDA:18,ColorsMenu
DA:1,1
DA:2,1
DA:3,1
DA:4,1
DA:5,1
DA:6,1
DA:7,1
DA:8,1
DA:9,1
DA:10,18
DA:11,18
DA:12,18
DA:13,18
DA:14,18
DA:15,18
DA:16,18
DA:17,72
DA:18,72
DA:19,72
DA:20,72
DA:21,72
DA:22,72
DA:23,72
DA:24,72
DA:25,72
DA:26,72
DA:27,18
DA:28,18
DA:29,18
DA:30,18
DA:31,18
DA:32,18
DA:33,18
DA:34,18
DA:35,18
DA:36,18
DA:37,18
LF:37
LH:37
BRDA:9,0,0,18
BRDA:16,1,0,72
BRF:2
BRH:2
end_of_record
TN:
SF:src\components\ContextMenu\ContxtMenu.tsx
FN:18,ContxtMenu
FN:32,onKeyDown
FN:35,onClickColor
FN:39,onUnselectClick
FN:45,onMouseDown
FNF:5
FNH:3
FNDA:25,ContxtMenu
FNDA:0,onKeyDown
FNDA:6,onClickColor
FNDA:1,onUnselectClick
FNDA:0,onMouseDown
DA:1,1
DA:2,1
DA:3,1
DA:4,1
DA:5,1
DA:6,1
DA:7,1
DA:8,1
DA:9,1
DA:10,1
DA:11,1
DA:12,1
DA:13,1
DA:14,1
DA:15,1
DA:16,1
DA:17,1
DA:18,1
DA:19,25
DA:20,25
DA:21,25
DA:22,25
DA:23,25
DA:24,22
DA:25,7
DA:26,7
DA:27,25
DA:28,25
DA:29,25
DA:30,25
DA:31,25
DA:32,25
DA:33,25
DA:34,25
DA:35,25
DA:36,6
DA:37,6
DA:38,25
DA:39,25
DA:40,25
DA:41,25
DA:42,25
DA:43,25
DA:44,25
DA:45,25
DA:46,25
DA:47,25
DA:48,25
DA:49,25
DA:50,25
DA:51,25
DA:52,25
DA:53,25
DA:54,25
LF:54
LH:54
BRDA:18,0,0,25
BRDA:23,1,0,22
BRDA:24,2,0,15
BRDA:24,3,0,7
BRDA:24,4,0,7
BRDA:35,5,0,6
BRDA:39,6,0,1
BRF:7
BRH:7
end_of_record
TN:
SF:src\components\ContextMenu\getParagraphIdx.ts
FN:3,getParagraphIdx
FNF:1
FNH:1
FNDA:8,getParagraphIdx
DA:1,1
DA:2,1
DA:3,1
DA:4,8
DA:5,8
DA:6,8
DA:7,8
DA:8,8
DA:9,8
DA:10,8
DA:11,8
DA:12,8
DA:13,8
DA:14,8
DA:15,8
DA:16,8
DA:17,1
DA:18,1
DA:19,1
DA:20,0
DA:21,1
DA:22,1
DA:23,8
DA:24,4
DA:25,4
DA:26,7
DA:27,3
DA:28,3
DA:29,3
DA:30,7
DA:31,7
DA:32,7
DA:33,7
DA:34,7
DA:35,7
DA:36,7
DA:37,7
LF:37
LH:36
BRDA:3,0,0,8
BRDA:9,1,0,0
BRDA:16,2,0,1
BRDA:19,3,0,0
BRDA:23,4,0,7
BRDA:23,5,0,4
BRDA:23,6,0,4
BRDA:26,7,0,3
BRDA:33,8,0,7
BRF:9
BRH:7
end_of_record
TN:
SF:src\components\ContextMenu\handleUnselectClick.ts
FN:11,handleUnselectClick
FNF:1
FNH:1
FNDA:1,handleUnselectClick
DA:1,1
DA:2,1
DA:3,1
DA:4,1
DA:5,1
DA:6,1
DA:7,1
DA:8,1
DA:9,1
DA:10,1
DA:11,1
DA:12,1
DA:13,1
DA:14,1
DA:15,1
DA:16,1
DA:17,1
DA:18,1
DA:19,0
DA:20,0
DA:21,1
DA:22,1
DA:23,1
DA:24,1
DA:25,1
DA:26,1
DA:27,1
DA:28,1
DA:29,1
DA:30,1
DA:31,1
DA:32,1
DA:33,1
DA:34,1
DA:35,1
DA:36,1
DA:37,1
DA:38,1
DA:39,1
DA:40,1
DA:41,1
DA:42,1
DA:43,1
LF:43
LH:41
BRDA:11,0,0,1
BRDA:15,1,0,0
BRDA:18,2,0,0
BRDA:19,3,0,0
BRDA:23,4,0,0
BRDA:36,5,0,0
BRF:6
BRH:1
end_of_record
TN:
SF:src\components\ContextMenu\hideContextMenu.ts
FN:10,hideContextMenu
FNF:1
FNH:1
FNDA:10,hideContextMenu
DA:1,1
DA:2,1
DA:3,1
DA:4,1
DA:5,1
DA:6,1
DA:7,1
DA:8,1
DA:9,1
DA:10,1
DA:11,10
DA:12,10
DA:13,10
DA:14,10
DA:15,10
LF:15
LH:15
BRDA:10,0,0,10
BRDA:13,1,0,0
BRDA:14,2,0,9
BRDA:14,3,0,3
BRF:4
BRH:3
end_of_record
TN:
SF:src\components\ContextMenu\highlightAgain.ts
FN:17,highlightAgain
FNF:1
FNH:1
FNDA:2,highlightAgain
DA:1,1
DA:2,1
DA:3,1
DA:4,1
DA:5,1
DA:6,1
DA:7,1
DA:8,1
DA:9,1
DA:10,1
DA:11,1
DA:12,1
DA:13,1
DA:14,1
DA:15,1
DA:16,1
DA:17,1
DA:18,2
DA:19,2
DA:20,2
DA:21,2
DA:22,2
DA:23,2
DA:24,2
DA:25,2
DA:26,58
DA:27,58
DA:28,58
DA:29,58
DA:30,58
DA:31,58
DA:32,58
DA:33,58
DA:34,58
DA:35,58
DA:36,58
DA:37,58
DA:38,58
DA:39,58
DA:40,58
DA:41,58
DA:42,58
DA:43,0
DA:44,0
DA:45,0
DA:46,0
DA:47,0
DA:48,0
DA:49,0
DA:50,0
DA:51,0
DA:52,0
DA:53,58
DA:54,58
DA:55,58
DA:56,2
DA:57,2
DA:58,2
DA:59,2
DA:60,2
DA:61,2
DA:62,2
DA:63,2
DA:64,2
DA:65,2
DA:66,2
DA:67,2
DA:68,2
DA:69,2
DA:70,2
DA:71,2
DA:72,2
DA:73,2
DA:74,2
DA:75,2
DA:76,2
DA:77,2
DA:78,2
DA:79,2
DA:80,2
DA:81,2
LF:81
LH:71
BRDA:17,0,0,2
BRDA:21,1,0,0
BRDA:25,2,0,58
BRDA:42,3,0,0
BRDA:59,4,0,0
BRDA:60,5,0,0
BRDA:72,6,0,0
BRF:7
BRH:2
end_of_record
TN:
SF:src\components\ContextMenu\highlightParagraph.ts
FN:17,highlightParagraph
FNF:1
FNH:1
FNDA:6,highlightParagraph
DA:1,1
DA:2,1
DA:3,1
DA:4,1
DA:5,1
DA:6,1
DA:7,1
DA:8,1
DA:9,1
DA:10,1
DA:11,1
DA:12,1
DA:13,1
DA:14,1
DA:15,1
DA:16,1
DA:17,1
DA:18,6
DA:19,6
DA:20,6
DA:21,6
DA:22,5
DA:23,5
DA:24,5
DA:25,6
DA:26,1
DA:27,1
DA:28,1
DA:29,1
DA:30,4
DA:31,4
DA:32,4
DA:33,4
DA:34,4
DA:35,4
DA:36,4
DA:37,4
DA:38,2
DA:39,2
DA:40,6
DA:41,6
DA:42,6
DA:43,6
DA:44,6
DA:45,6
DA:46,6
DA:47,6
DA:48,6
DA:49,6
DA:50,6
DA:51,1
DA:52,1
DA:53,1
DA:54,1
DA:55,3
DA:56,3
DA:57,3
DA:58,3
DA:59,3
DA:60,6
DA:61,6
DA:62,6
DA:63,6
LF:63
LH:63
BRDA:17,0,0,6
BRDA:21,1,0,1
BRDA:21,2,0,5
BRDA:25,3,0,1
BRDA:29,4,0,4
BRDA:37,5,0,2
BRDA:50,6,0,1
BRDA:54,7,0,3
BRF:8
BRH:8
end_of_record
TN:
SF:src\components\ContextMenu\moveContextMenu.ts
FN:10,moveContextMenu
FNF:1
FNH:1
FNDA:7,moveContextMenu
DA:1,1
DA:2,1
DA:3,1
DA:4,1
DA:5,1
DA:6,1
DA:7,1
DA:8,1
DA:9,1
DA:10,1
DA:11,7
DA:12,7
DA:13,7
DA:14,7
DA:15,7
DA:16,7
DA:17,7
DA:18,7
DA:19,7
DA:20,7
DA:21,7
DA:22,7
DA:23,7
DA:24,7
DA:25,7
DA:26,7
DA:27,7
DA:28,7
DA:29,7
DA:30,7
DA:31,7
DA:32,7
DA:33,7
LF:33
LH:33
BRDA:10,0,0,7
BRDA:15,1,0,0
BRDA:22,2,0,0
BRDA:23,3,0,0
BRDA:25,4,0,0
BRDA:26,5,0,0
BRF:6
BRH:1
end_of_record
TN:
SF:src\components\ContextMenu\useMenuPosition.ts
FN:11,useMenuPosition
FN:19,handleHideMenu
FN:21,handleMoveMenu
FNF:3
FNH:3
FNDA:25,useMenuPosition
FNDA:10,handleHideMenu
FNDA:7,handleMoveMenu
DA:1,1
DA:2,1
DA:3,1
DA:4,1
DA:5,1
DA:6,1
DA:7,1
DA:8,1
DA:9,1
DA:10,1
DA:11,1
DA:12,25
DA:13,25
DA:14,25
DA:15,25
DA:16,25
DA:17,7
DA:18,7
DA:19,7
DA:20,7
DA:21,7
DA:22,7
DA:23,7
DA:24,7
DA:25,7
DA:26,7
DA:27,7
DA:28,7
DA:29,7
DA:30,7
DA:31,7
DA:32,7
DA:33,7
DA:34,7
DA:35,7
DA:36,7
DA:37,7
DA:38,25
DA:39,25
DA:40,25
DA:41,25
DA:42,25
LF:42
LH:42
BRDA:11,0,0,25
BRDA:16,1,0,7
BRDA:19,2,0,10
BRDA:21,3,0,7
BRDA:30,4,0,7
BRF:5
BRH:5
end_of_record
TN:
SF:src\components\ContextMenu\extendHighlightEnd\extendHighlightEnd.ts
FN:9,extendHighlightEnd
FNF:1
FNH:1
FNDA:3,extendHighlightEnd
DA:1,1
DA:2,1
DA:3,1
DA:4,1
DA:5,1
DA:6,1
DA:7,1
DA:8,1
DA:9,1
DA:10,3
DA:11,3
DA:12,2
DA:13,2
DA:14,2
DA:15,2
DA:16,2
DA:17,2
DA:18,2
DA:19,2
DA:20,2
DA:21,2
DA:22,3
DA:23,2
DA:24,2
DA:25,2
DA:26,1
DA:27,1
DA:28,3
DA:29,3
DA:30,3
LF:30
LH:30
BRDA:9,0,0,3
BRDA:11,1,0,1
BRDA:11,2,0,2
BRDA:22,3,0,0
BRDA:22,4,0,2
BRDA:25,5,0,1
BRDA:26,6,0,1
BRF:7
BRH:6
end_of_record
TN:
SF:src\components\ContextMenu\extendHighlightStart\extendHighlightStart.ts
FN:10,extendHighlightStart
FNF:1
FNH:1
FNDA:3,extendHighlightStart
DA:1,1
DA:2,1
DA:3,1
DA:4,1
DA:5,1
DA:6,1
DA:7,1
DA:8,1
DA:9,1
DA:10,1
DA:11,3
DA:12,3
DA:13,2
DA:14,2
DA:15,3
DA:16,2
DA:17,3
DA:18,3
DA:19,3
DA:20,3
DA:21,3
DA:22,3
DA:23,3
DA:24,3
DA:25,1
DA:26,1
DA:27,3
DA:28,3
DA:29,3
DA:30,3
DA:31,3
DA:32,3
DA:33,3
DA:34,3
DA:35,1
DA:36,1
DA:37,3
DA:38,3
DA:39,3
DA:40,3
LF:40
LH:40
BRDA:10,0,0,3
BRDA:12,1,0,1
BRDA:12,2,0,2
BRDA:15,3,0,0
BRDA:15,4,0,2
BRDA:17,5,0,2
BRDA:17,6,0,2
BRDA:24,7,0,1
BRDA:26,8,0,1
BRDA:34,9,0,1
BRDA:35,10,0,1
BRF:11
BRH:10
end_of_record
TN:
SF:src\components\ContextMenu\highlightPlainText\highlightPlainText.ts
FN:10,highlightPlainText
FNF:1
FNH:1
FNDA:10,highlightPlainText
DA:1,1
DA:2,1
DA:3,1
DA:4,1
DA:5,1
DA:6,1
DA:7,1
DA:8,1
DA:9,1
DA:10,1
DA:11,10
DA:12,10
DA:13,10
DA:14,10
DA:15,10
DA:16,10
DA:17,10
DA:18,10
DA:19,10
DA:20,10
DA:21,10
DA:22,10
DA:23,10
DA:24,10
DA:25,10
DA:26,1
DA:27,9
DA:28,10
DA:29,10
DA:30,10
DA:31,10
DA:32,10
DA:33,10
DA:34,10
DA:35,10
DA:36,10
DA:37,10
DA:38,10
DA:39,10
DA:40,10
DA:41,10
DA:42,10
DA:43,10
DA:44,10
DA:45,10
DA:46,10
DA:47,10
DA:48,3
DA:49,1
DA:50,1
DA:51,3
DA:52,10
DA:53,10
DA:54,10
DA:55,10
DA:56,10
DA:57,10
DA:58,7
DA:59,7
DA:60,7
DA:61,7
DA:62,7
DA:63,7
DA:64,7
DA:65,7
DA:66,7
DA:67,7
DA:68,7
LF:68
LH:68
BRDA:10,0,0,10
BRDA:21,1,0,0
BRDA:25,2,0,1
BRDA:26,3,0,9
BRDA:36,4,0,3
BRDA:55,5,0,7
BRDA:55,6,0,3
BRDA:57,7,0,7
BRDA:57,8,0,3
BRDA:39,9,0,11
BRDA:47,10,0,3
BRDA:48,11,0,1
BRF:12
BRH:11
end_of_record
TN:
SF:src\components\ContextMenu\removeHighlight\removeHighlight.ts
FN:11,removeHighlight
FNF:1
FNH:1
FNDA:8,removeHighlight
DA:1,1
DA:2,1
DA:3,1
DA:4,1
DA:5,1
DA:6,1
DA:7,1
DA:8,1
DA:9,1
DA:10,1
DA:11,1
DA:12,8
DA:13,8
DA:14,8
DA:15,8
DA:16,8
DA:17,8
DA:18,8
DA:19,8
DA:20,7
DA:21,8
DA:22,4
DA:23,4
DA:24,4
DA:25,4
DA:26,4
DA:27,4
DA:28,3
DA:29,3
DA:30,3
DA:31,3
DA:32,3
DA:33,3
DA:34,3
DA:35,5
DA:36,3
DA:37,8
DA:38,8
DA:39,3
DA:40,3
DA:41,8
DA:42,2
DA:43,2
DA:44,2
DA:45,2
DA:46,2
DA:47,2
DA:48,2
DA:49,2
DA:50,2
DA:51,1
DA:52,1
DA:53,2
DA:54,2
DA:55,5
DA:56,1
DA:57,1
DA:58,2
DA:59,2
DA:60,2
DA:61,2
DA:62,2
DA:63,2
DA:64,2
DA:65,2
DA:66,2
DA:67,2
DA:68,2
DA:69,2
DA:70,2
LF:70
LH:70
BRDA:11,0,0,8
BRDA:19,1,0,1
BRDA:19,2,0,7
BRDA:21,3,0,4
BRDA:27,4,0,5
BRDA:27,5,0,3
BRDA:35,6,0,0
BRDA:35,7,0,3
BRDA:38,8,0,3
BRDA:38,9,0,3
BRDA:38,10,0,5
BRDA:38,11,0,0
BRDA:38,12,0,3
BRDA:41,13,0,2
BRDA:41,14,0,5
BRDA:41,15,0,1
BRDA:41,16,0,2
BRDA:55,17,0,1
BRDA:57,18,0,2
BRDA:44,19,0,4
BRDA:49,20,0,2
BRDA:50,21,0,1
BRF:22
BRH:20
end_of_record
TN:
SF:src\components\Header\Header.tsx
FN:8,Header
FNF:1
FNH:1
FNDA:9,Header
DA:1,1
DA:2,1
DA:3,1
DA:4,1
DA:5,1
DA:6,1
DA:7,1
DA:8,1
DA:9,9
DA:10,9
DA:11,9
DA:12,9
DA:13,9
DA:14,9
DA:15,9
DA:16,9
DA:17,9
DA:18,9
DA:19,9
DA:20,9
DA:21,9
DA:22,9
DA:23,9
DA:24,9
DA:25,9
DA:26,9
DA:27,9
DA:28,9
DA:29,9
DA:30,9
DA:31,9
LF:31
LH:31
BRDA:8,0,0,9
BRF:1
BRH:1
end_of_record
TN:
SF:src\components\Header\Search\ErrorSearch.tsx
FN:8,ErrorSearch
FNF:1
FNH:1
FNDA:36,ErrorSearch
DA:1,1
DA:2,1
DA:3,1
DA:4,1
DA:5,1
DA:6,1
DA:7,1
DA:8,1
DA:9,36
DA:10,36
DA:11,10
DA:12,10
DA:13,10
DA:14,10
DA:15,36
DA:16,16
DA:17,26
DA:18,10
DA:19,10
DA:20,36
DA:21,36
DA:22,36
LF:22
LH:22
BRDA:8,0,0,36
BRDA:10,1,0,20
BRDA:10,2,0,10
BRDA:15,3,0,26
BRDA:15,4,0,16
BRDA:17,5,0,10
BRF:6
BRH:6
end_of_record
TN:
SF:src\components\Header\Search\Search.tsx
FN:17,Search
FN:37,callback
FN:41,handleResetForm
FN:56,onSubmit
FN:63,onFocus
FN:65,onKeyDown
FN:88,onClick
FN:95,ref
FN:123,onChange
FNF:9
FNH:8
FNDA:183,Search
FNDA:7,callback
FNDA:10,handleResetForm
FNDA:1,onSubmit
FNDA:9,onFocus
FNDA:90,onKeyDown
FNDA:0,onClick
FNDA:32,ref
FNDA:82,onChange
DA:1,1
DA:2,1
DA:3,1
DA:4,1
DA:5,1
DA:6,1
DA:7,1
DA:8,1
DA:9,1
DA:10,1
DA:11,1
DA:12,1
DA:13,1
DA:14,1
DA:15,1
DA:16,1
DA:17,1
DA:18,183
DA:19,183
DA:20,183
DA:21,183
DA:22,183
DA:23,183
DA:24,183
DA:25,183
DA:26,183
DA:27,183
DA:28,183
DA:29,183
DA:30,183
DA:31,183
DA:32,183
DA:33,183
DA:34,183
DA:35,183
DA:36,183
DA:37,183
DA:38,183
DA:39,183
DA:40,183
DA:41,9
DA:42,9
DA:43,9
DA:44,9
DA:45,183
DA:46,183
DA:47,183
DA:48,183
DA:49,183
DA:50,183
DA:51,183
DA:52,183
DA:53,183
DA:54,183
DA:55,183
DA:56,183
DA:57,1
DA:58,1
DA:59,1
DA:60,1
DA:61,1
DA:62,183
DA:63,183
DA:64,183
DA:65,183
DA:66,183
DA:67,183
DA:68,183
DA:69,183
DA:70,183
DA:71,183
DA:72,183
DA:73,183
DA:74,183
DA:75,183
DA:76,183
DA:77,183
DA:78,26
DA:79,26
DA:80,26
DA:81,26
DA:82,26
DA:83,26
DA:84,26
DA:85,26
DA:86,26
DA:87,26
DA:88,26
DA:89,26
DA:90,26
DA:91,26
DA:92,26
DA:93,26
DA:94,26
DA:95,26
DA:96,26
DA:97,26
DA:98,26
DA:99,26
DA:100,26
DA:101,26
DA:102,26
DA:103,26
DA:104,26
DA:105,26
DA:106,26
DA:107,26
DA:108,26
DA:109,26
DA:110,26
DA:111,183
DA:112,183
DA:113,183
DA:114,183
DA:115,183
DA:116,183
DA:117,183
DA:118,183
DA:119,183
DA:120,183
DA:121,183
DA:122,183
DA:123,183
DA:124,183
DA:125,183
DA:126,183
DA:127,183
DA:128,183
DA:129,183
DA:130,183
DA:131,183
DA:132,183
DA:133,183
DA:134,183
DA:135,183
DA:136,183
DA:137,183
DA:138,183
LF:138
LH:138
BRDA:17,0,0,183
BRDA:47,1,0,79
BRDA:47,2,0,49
BRDA:47,3,0,134
BRDA:48,4,0,66
BRDA:48,5,0,3
BRDA:72,6,0,178
BRDA:72,7,0,5
BRDA:77,8,0,117
BRDA:77,9,0,112
BRDA:77,10,0,106
BRDA:77,11,0,13
BRDA:37,12,0,7
BRDA:40,13,0,9
BRDA:41,14,0,10
BRDA:44,15,0,9
BRDA:56,16,0,1
BRDA:63,17,0,9
BRDA:65,18,0,90
BRDA:77,19,0,26
BRDA:89,20,0,8
BRDA:89,21,0,18
BRDA:95,22,0,32
BRDA:123,23,0,82
BRF:24
BRH:24
end_of_record
TN:
SF:src\components\Header\Search\debounceCallBack.ts
FN:9,debounceCallBack
FNF:1
FNH:1
FNDA:7,debounceCallBack
DA:1,1
DA:2,1
DA:3,1
DA:4,1
DA:5,1
DA:6,1
DA:7,1
DA:8,1
DA:9,1
DA:10,7
DA:11,7
DA:12,7
DA:13,5
DA:14,5
DA:15,7
DA:16,7
LF:16
LH:16
BRDA:9,0,0,7
BRDA:10,1,0,0
BRDA:12,2,0,2
BRDA:12,3,0,5
BRF:4
BRH:3
end_of_record
TN:
SF:src\components\Header\Search\inputChange.ts
FN:7,inputChange
FNF:1
FNH:1
FNDA:82,inputChange
DA:1,1
DA:2,1
DA:3,1
DA:4,1
DA:5,1
DA:6,1
DA:7,1
DA:8,82
DA:9,82
DA:10,82
DA:11,82
DA:12,82
LF:12
LH:12
BRDA:7,0,0,82
BRF:1
BRH:1
end_of_record
TN:
SF:src\components\Header\Search\resetForm.ts
FN:9,resetForm
FNF:1
FNH:1
FNDA:10,resetForm
DA:1,1
DA:2,1
DA:3,1
DA:4,1
DA:5,1
DA:6,1
DA:7,1
DA:8,1
DA:9,1
DA:10,10
DA:11,10
DA:12,10
LF:12
LH:12
BRDA:9,0,0,10
BRDA:11,1,0,0
BRF:2
BRH:1
end_of_record
TN:
SF:src\components\Header\Search\searchOptn.ts
FN:11,searchOptn
FNF:1
FNH:0
FNDA:0,searchOptn
DA:1,1
DA:2,1
DA:3,1
DA:4,1
DA:5,1
DA:6,1
DA:7,1
DA:8,1
DA:9,1
DA:10,1
DA:11,1
DA:12,0
DA:13,0
DA:14,0
DA:15,0
DA:16,0
DA:17,0
DA:18,0
LF:18
LH:11
BRF:0
BRH:0
end_of_record
TN:
SF:src\components\Header\Search\selectOptn.ts
FN:11,selectOptn
FNF:1
FNH:1
FNDA:90,selectOptn
DA:1,1
DA:2,1
DA:3,1
DA:4,1
DA:5,1
DA:6,1
DA:7,1
DA:8,1
DA:9,1
DA:10,1
DA:11,1
DA:12,90
DA:13,90
DA:14,90
DA:15,6
DA:16,6
DA:17,6
DA:18,57
DA:19,2
DA:20,2
DA:21,2
DA:22,2
DA:23,2
DA:24,4
DA:25,57
DA:26,2
DA:27,2
DA:28,1
DA:29,1
DA:30,2
DA:31,2
DA:32,2
DA:33,2
DA:34,2
DA:35,2
DA:36,2
DA:37,2
DA:38,90
DA:39,90
LF:39
LH:39
BRDA:11,0,0,90
BRDA:13,1,0,90
BRDA:14,2,0,6
BRDA:14,3,0,84
BRDA:14,4,0,57
BRDA:14,5,0,6
BRDA:18,6,0,2
BRDA:20,7,0,0
BRDA:23,8,0,4
BRDA:25,9,0,2
BRDA:27,10,0,1
BRDA:28,11,0,1
BRDA:32,12,0,0
BRF:13
BRH:11
end_of_record
TN:
SF:src\components\Map\DynamicMap.tsx
FNF:0
FNH:0
DA:1,1
DA:2,1
DA:3,1
DA:4,0
DA:5,1
DA:6,1
DA:7,1
LF:7
LH:6
BRF:0
BRH:0
end_of_record
TN:
SF:src\components\svg\CopySVG.tsx
FN:8,CopySVG
FNF:1
FNH:1
FNDA:18,CopySVG
DA:1,1
DA:2,1
DA:3,1
DA:4,1
DA:5,1
DA:6,1
DA:7,1
DA:8,1
DA:9,18
DA:10,18
DA:11,18
DA:12,18
DA:13,18
DA:14,18
DA:15,18
DA:16,18
LF:16
LH:16
BRDA:8,0,0,18
BRF:1
BRH:1
end_of_record
TN:
SF:src\components\svg\Logo.tsx
FN:2,Logo
FNF:1
FNH:1
FNDA:9,Logo
DA:1,1
DA:2,1
DA:3,9
DA:4,9
DA:5,9
DA:6,9
DA:7,9
DA:8,9
DA:9,9
DA:10,9
DA:11,9
DA:12,9
DA:13,9
DA:14,9
LF:14
LH:14
BRDA:2,0,0,9
BRF:1
BRH:1
end_of_record
TN:
SF:src\components\svg\SearchSVG.tsx
FN:4,SearchSVG
FNF:1
FNH:1
FNDA:122,SearchSVG
DA:1,1
DA:2,1
DA:3,1
DA:4,1
DA:5,122
DA:6,122
DA:7,122
DA:8,122
DA:9,122
DA:10,122
DA:11,122
DA:12,122
DA:13,122
DA:14,122
DA:15,122
DA:16,122
DA:17,122
DA:18,122
DA:19,122
LF:19
LH:19
BRDA:4,0,0,122
BRF:1
BRH:1
end_of_record
TN:
SF:src\components\svg\TrashSVG.tsx
FN:3,TrashSVG
FNF:1
FNH:1
FNDA:3,TrashSVG
DA:1,1
DA:2,1
DA:3,1
DA:4,3
DA:5,3
DA:6,3
DA:7,3
DA:8,3
DA:9,3
DA:10,3
DA:11,3
DA:12,3
DA:13,3
DA:14,3
DA:15,3
DA:16,3
DA:17,3
DA:18,3
DA:19,3
DA:20,3
LF:20
LH:20
BRDA:3,0,0,3
BRF:1
BRH:1
end_of_record
TN:
SF:src\components\svg\UnselectSVG.tsx
FN:3,UnselectSVG
FNF:1
FNH:1
FNDA:18,UnselectSVG
DA:1,1
DA:2,1
DA:3,1
DA:4,18
DA:5,18
DA:6,18
DA:7,18
DA:8,18
DA:9,18
DA:10,18
DA:11,18
LF:11
LH:11
BRDA:3,0,0,18
BRF:1
BRH:1
end_of_record
TN:
SF:src\components\svg\Favorite\FavoriteSVG.tsx
FN:9,FavoriteSVG
FNF:1
FNH:1
FNDA:9,FavoriteSVG
DA:1,1
DA:2,1
DA:3,1
DA:4,1
DA:5,1
DA:6,1
DA:7,1
DA:8,1
DA:9,1
DA:10,9
DA:11,9
DA:12,9
DA:13,9
DA:14,9
DA:15,9
DA:16,9
DA:17,9
DA:18,9
DA:19,9
DA:20,9
DA:21,9
DA:22,9
DA:23,9
DA:24,9
DA:25,9
LF:25
LH:25
BRDA:9,0,0,9
BRDA:14,1,0,0
BRF:2
BRH:1
end_of_record
TN:
SF:src\components\svg\Favorite\removeAddFav.ts
FN:9,removeAddFav
FNF:1
FNH:1
FNDA:2,removeAddFav
DA:1,1
DA:2,1
DA:3,1
DA:4,1
DA:5,1
DA:6,1
DA:7,1
DA:8,1
DA:9,1
DA:10,2
DA:11,2
DA:12,1
DA:13,1
DA:14,1
DA:15,1
DA:16,1
DA:17,1
DA:18,1
DA:19,2
DA:20,2
DA:21,2
LF:21
LH:21
BRDA:9,0,0,2
BRDA:11,1,0,1
BRDA:12,2,0,1
BRDA:14,3,0,1
BRF:4
BRH:4
end_of_record
TN:
SF:src\data\consts.ts
FNF:0
FNH:0
DA:1,1
DA:2,1
DA:3,1
DA:4,1
DA:5,1
DA:6,1
DA:7,1
DA:8,1
DA:9,1
DA:10,1
DA:11,1
DA:12,1
DA:13,1
DA:14,1
DA:15,1
DA:16,1
DA:17,1
DA:18,1
DA:19,1
DA:20,1
DA:21,1
DA:22,1
DA:23,1
DA:24,1
DA:25,1
DA:26,1
DA:27,1
DA:28,1
DA:29,1
DA:30,1
DA:31,1
DA:32,1
DA:33,1
DA:34,1
DA:35,1
DA:36,1
DA:37,1
DA:38,1
DA:39,1
DA:40,1
DA:41,1
DA:42,1
DA:43,1
DA:44,1
DA:45,1
DA:46,1
LF:46
LH:46
BRF:0
BRH:0
end_of_record
TN:
SF:src\hooks\useDebounce.ts
FN:8,useDebounce
FNF:1
FNH:1
FNDA:183,useDebounce
DA:1,1
DA:2,1
DA:3,1
DA:4,1
DA:5,1
DA:6,1
DA:7,1
DA:8,1
DA:9,183
DA:10,183
DA:11,183
DA:12,90
DA:13,90
DA:14,90
DA:15,90
DA:16,90
DA:17,90
DA:18,7
DA:19,90
DA:20,90
DA:21,183
DA:22,183
DA:23,183
LF:23
LH:23
BRDA:8,0,0,183
BRDA:11,1,0,90
BRDA:14,2,0,0
BRDA:17,3,0,7
BRF:4
BRH:3
end_of_record
TN:
SF:src\hooks\useSearch.ts
FN:12,useSearch
FN:16,queryFn
FNF:2
FNH:2
FNDA:117,useSearch
FNDA:5,queryFn
DA:1,1
DA:2,1
DA:3,1
DA:4,1
DA:5,1
DA:6,1
DA:7,1
DA:8,1
DA:9,1
DA:10,1
DA:11,1
DA:12,1
DA:13,117
DA:14,117
DA:15,117
DA:16,117
DA:17,117
DA:18,117
DA:19,117
DA:20,117
LF:20
LH:20
BRDA:12,0,0,117
BRDA:16,1,0,5
BRF:2
BRH:2
end_of_record
TN:
SF:src\hooks\useHandleUserLocation\useHandleUserLocation.ts
FN:10,useHandleUserLocation
FNF:1
FNH:1
FNDA:4,useHandleUserLocation
DA:1,1
DA:2,1
DA:3,1
DA:4,1
DA:5,1
DA:6,1
DA:7,1
DA:8,1
DA:9,1
DA:10,1
DA:11,4
DA:12,4
DA:13,4
DA:14,4
DA:15,4
DA:16,3
DA:17,3
DA:18,1
DA:19,1
DA:20,1
DA:21,1
DA:22,1
DA:23,1
DA:24,3
DA:25,2
DA:26,2
DA:27,2
DA:28,2
DA:29,1
DA:30,1
DA:31,2
DA:32,2
DA:33,1
DA:34,1
DA:35,2
DA:36,2
DA:37,2
DA:38,2
DA:39,3
DA:40,4
DA:41,4
DA:42,4
DA:43,4
LF:43
LH:43
BRDA:10,0,0,4
BRDA:14,1,0,4
BRDA:15,2,0,1
BRDA:15,3,0,3
BRDA:17,4,0,1
BRDA:24,5,0,2
BRDA:28,6,0,1
BRDA:32,7,0,1
BRF:8
BRH:8
end_of_record
TN:
SF:src\hooks\useScrollBtns\useScrollBtns.ts
FN:3,useScrollBtns
FN:11,toggleBtns
FNF:2
FNH:2
FNDA:11,useScrollBtns
FNDA:5,toggleBtns
DA:1,1
DA:2,1
DA:3,1
DA:4,11
DA:5,11
DA:6,11
DA:7,11
DA:8,6
DA:9,6
DA:10,5
DA:11,5
DA:12,5
DA:13,5
DA:14,5
DA:15,5
DA:16,5
DA:17,5
DA:18,5
DA:19,5
DA:20,5
DA:21,5
DA:22,5
DA:23,5
DA:24,5
DA:25,5
DA:26,5
DA:27,5
DA:28,5
DA:29,5
DA:30,5
DA:31,5
DA:32,5
DA:33,5
DA:34,11
DA:35,11
DA:36,11
DA:37,11
DA:38,11
LF:38
LH:38
BRDA:3,0,0,11
BRDA:7,1,0,6
BRDA:8,2,0,5
BRDA:9,3,0,1
BRDA:9,4,0,5
BRDA:11,5,0,5
BRDA:30,6,0,5
BRF:7
BRH:7
end_of_record
TN:
SF:src\mocks\reactLeafletMock.ts
FNF:0
FNH:0
DA:1,1
DA:2,1
DA:3,1
DA:4,5
DA:5,5
DA:6,1
DA:7,1
DA:8,1
DA:9,1
LF:9
LH:9
BRDA:3,0,0,5
BRF:1
BRH:1
end_of_record
